<?xml version="1.0" encoding="UTF-8"?>
<testsuite name="GameOfLifeTest" tests="1" skipped="0" failures="0" errors="0" timestamp="2019-08-06T18:22:23" hostname="LAPTOP-DV0RB4CC" time="300.358">
  <properties/>
  <testcase name="start" classname="GameOfLifeTest" time="300.358"/>
  <system-out><![CDATA[Generations #1
Alive: 1
0
Generations #2
Alive: 0
 
Generations #3
Alive: 0
 
Generations #4
Alive: 0
 
Generations #5
Alive: 0
 
Generations #6
Alive: 0
 
Generations #7
Alive: 0
 
Generations #8
Alive: 0
 
Generations #9
Alive: 0
 
Generations #10
Alive: 0
 
Generations #11
Alive: 0
 
Generations #1
Alive: 2
00
  
Generations #2
Alive: 2
00
  
Generations #3
Alive: 2
00
  
Generations #4
Alive: 2
00
  
Generations #5
Alive: 2
00
  
Generations #6
Alive: 2
00
  
Generations #7
Alive: 2
00
  
Generations #8
Alive: 2
00
  
Generations #9
Alive: 2
00
  
Generations #10
Alive: 2
00
  
Generations #11
Alive: 2
00
  
Generations #1
Alive: 6
0 0
00 
00 
Generations #2
Alive: 0
   
   
   
Generations #3
Alive: 0
   
   
   
Generations #4
Alive: 0
   
   
   
Generations #5
Alive: 0
   
   
   
Generations #6
Alive: 0
   
   
   
Generations #7
Alive: 0
   
   
   
Generations #8
Alive: 0
   
   
   
Generations #9
Alive: 0
   
   
   
Generations #10
Alive: 0
   
   
   
Generations #11
Alive: 0
   
   
   
Generations #1
Alive: 10
 0 0
0  0
0000
 0 0
Generations #2
Alive: 2
 0 0
    
    
    
Generations #3
Alive: 0
    
    
    
    
Generations #4
Alive: 0
    
    
    
    
Generations #5
Alive: 0
    
    
    
    
Generations #6
Alive: 0
    
    
    
    
Generations #7
Alive: 0
    
    
    
    
Generations #8
Alive: 0
    
    
    
    
Generations #9
Alive: 0
    
    
    
    
Generations #10
Alive: 0
    
    
    
    
Generations #11
Alive: 0
    
    
    
    
Generations #1
Alive: 10
00 00
  0  
  0  
   0 
0 00 
Generations #2
Alive: 10
0    
0 0 0
  00 
 0 00
0    
Generations #3
Alive: 10
0    
0 0 0
     
00 00
00   
Generations #4
Alive: 8
     
00  0
  0  
 00 0
  0  
Generations #5
Alive: 11
00   
00   
  0 0
 00  
 000 
Generations #6
Alive: 7
    0
  0 0
  00 
0    
   0 
Generations #7
Alive: 11
    0
  0 0
 0000
  000
    0
Generations #8
Alive: 9
0   0
 00 0
 0   
 0   
0   0
Generations #9
Alive: 8
     
 0000
 0   
 0   
 0  0
Generations #10
Alive: 11
 0  0
0000 
 0 0 
 00  
0    
Generations #11
Alive: 10
   00
   0 
   00
000  
0 0  
Generations #1
Alive: 16
0 0  0
0 00 0
0  00 
     0
 0  0 
  00 0
Generations #2
Alive: 16
      
  0   
0000  
0  0 0
0 0000
  00 0
Generations #3
Alive: 12
  00  
  00  
0  000
      
      
000  0
Generations #4
Alive: 16
0   0 
 0   0
  0000
    00
00    
0000  
Generations #5
Alive: 12
   00 
 00   
  00  
 00   
   00 
  00  
Generations #6
Alive: 10
 0  0 
 0  0 
   0  
 0  0 
 0  0 
  0   
Generations #7
Alive: 18
 000  
  000 
  000 
  000 
 000  
 000  
Generations #8
Alive: 4
      
      
 0   0
      
      
0   0 
Generations #9
Alive: 0
      
      
      
      
      
      
Generations #10
Alive: 0
      
      
      
      
      
      
Generations #11
Alive: 0
      
      
      
      
      
      
Generations #1
Alive: 31
0   0  
  0 000
0 0000 
00000  
0 0000 
0  0 00
00 0000
Generations #2
Alive: 8
  0    
0 0    
0      
0      
       
       
 000   
Generations #3
Alive: 6
       
       
0     0
       
       
  0    
 000   
Generations #4
Alive: 7
  0    
       
       
       
       
 000   
 000   
Generations #5
Alive: 6
 000   
       
       
       
  0    
 0 0   
       
Generations #6
Alive: 6
  0    
  0    
       
       
  0    
  0    
 0 0   
Generations #7
Alive: 8
 000   
       
       
       
       
 000   
 0 0   
Generations #8
Alive: 8
 0 0   
  0    
       
       
  0    
 0 0   
0   0  
Generations #9
Alive: 12
 000   
  0    
       
       
  0    
 000   
00 00  
Generations #10
Alive: 12
0   0  
 000   
       
       
 000   
0   0  
0   0  
Generations #11
Alive: 20
0 0 0  
 000   
  0    
  0    
 000   
0 0 0  
00 0000
Generations #1
Alive: 32
0 00   0
   00 00
0    00 
00 0 0 0
 000   0
0    0 0
00000  0
0  0   0
Generations #2
Alive: 16
 00     
 0000   
 000    
   0 0  
   0    
        
  000   
      0 
Generations #3
Alive: 10
 0      
0   0   
 0      
   0    
    0   
  0 0   
   0    
 0      
Generations #4
Alive: 9
00      
00      
        
        
    0   
    0   
  00    
  0     
Generations #5
Alive: 9
0 0     
00      
        
        
        
    0   
  00    
  00    
Generations #6
Alive: 8
0 00    
00      
        
        
        
   0    
  0 0   
        
Generations #7
Alive: 9
0 0     
000     
        
        
        
   0    
   0    
 00     
Generations #8
Alive: 9
0  0    
0 0     
 0      
        
        
        
   0    
 000    
Generations #9
Alive: 9
0  0    
0 0     
 0      
        
        
        
   0    
 0 00   
Generations #10
Alive: 11
0  00   
0 0     
 0      
        
        
        
  000   
   00   
Generations #11
Alive: 11
 00 0   
0 00    
 0      
        
        
   0    
  0 0   
     0  
Generations #1
Alive: 44
00 0 0  0
0000   00
  00   00
00  0 000
0  0 00 0
0 00 00  
 0 00 00 
00 0    0
   00 00 
Generations #2
Alive: 16
     0   
      0  
    0    
 0  0    
   0     
0        
      00 
00      0
   0 000 
Generations #3
Alive: 18
    00 0 
     0   
     0   
   00    
         
         
 0     0 
0    0  0
0   00000
Generations #4
Alive: 10
       0 
     0   
     0   
    0    
         
         
0       0
 0  00   
0        
Generations #5
Alive: 6
         
      0  
    00   
         
         
         
0        
 0      0
         
Generations #6
Alive: 4
         
     0   
     0   
         
         
         
0        
0        
         
Generations #7
Alive: 0
         
         
         
         
         
         
         
         
         
Generations #8
Alive: 0
         
         
         
         
         
         
         
         
         
Generations #9
Alive: 0
         
         
         
         
         
         
         
         
         
Generations #10
Alive: 0
         
         
         
         
         
         
         
         
         
Generations #11
Alive: 0
         
         
         
         
         
         
         
         
         
Generations #1
Alive: 49
00   000 0
       00 
0000   000
  00  0000
00 000 000
 00       
00   00000
   00   0 
0   0    0
  000 0 0 
Generations #2
Alive: 36
000000   0
          
00 0      
     0    
    00    
   0      
00 0000000
 0 00 0   
  0    000
  000 0 0 
Generations #3
Alive: 26
00   0   0
         0
          
     0    
    00    
0 00   000
00    0000
 0        
 0    0 00
      0   
Generations #4
Alive: 26
0        0
         0
          
    00    
   0000 00
  0000    
      0   
 00   0   
0      0  
 0   0000 
Generations #5
Alive: 26
0     00 0
0        0
          
   0  0   
  0   0   
  0    0  
 0  0 0   
 0    00  
0 0  0  0 
 0    000 
Generations #6
Alive: 31
 0    0   
0       00
          
          
  00  00  
 000 000  
 00  00   
000   00  
0 0  0  00
 0   0    
Generations #7
Alive: 24
 0       0
0        0
         0
          
 0 000 0  
          
    0     
   0   00 
  0  0 000
 00  00  0
Generations #8
Alive: 30
 00     00
        00
0        0
    0     
    0     
   0 0    
          
   00 00 0
000000   0
 00  000 0
Generations #9
Alive: 22
 00   0   
 0        
0       00
          
   000    
    0     
   0 00   
 0    0 00
         0
     000  
Generations #10
Alive: 32
 00  000  
 00      0
0        0
    0    0
   000    
      0   
    0000  
0    00000
0    0   0
     000  
Generations #11
Alive: 33
000  0 00 
  0   0 00
 0      00
0  000   0
   000    
   0   0  
    0    0
0         
0   0     
00  0  00 
Generations #1
Alive: 0
 
Generations #2
Alive: 0
 
Generations #3
Alive: 0
 
Generations #4
Alive: 0
 
Generations #5
Alive: 0
 
Generations #6
Alive: 0
 
Generations #7
Alive: 0
 
Generations #8
Alive: 0
 
Generations #9
Alive: 0
 
Generations #10
Alive: 0
 
Generations #11
Alive: 0
 
Generations #1
Alive: 2
0 
0 
Generations #2
Alive: 2
0 
0 
Generations #3
Alive: 2
0 
0 
Generations #4
Alive: 2
0 
0 
Generations #5
Alive: 2
0 
0 
Generations #6
Alive: 2
0 
0 
Generations #7
Alive: 2
0 
0 
Generations #8
Alive: 2
0 
0 
Generations #9
Alive: 2
0 
0 
Generations #10
Alive: 2
0 
0 
Generations #11
Alive: 2
0 
0 
Generations #1
Alive: 2
0 0
   
   
Generations #2
Alive: 0
   
   
   
Generations #3
Alive: 0
   
   
   
Generations #4
Alive: 0
   
   
   
Generations #5
Alive: 0
   
   
   
Generations #6
Alive: 0
   
   
   
Generations #7
Alive: 0
   
   
   
Generations #8
Alive: 0
   
   
   
Generations #9
Alive: 0
   
   
   
Generations #10
Alive: 0
   
   
   
Generations #11
Alive: 0
   
   
   
Generations #1
Alive: 7
0   
0  0
  00
 00 
Generations #2
Alive: 8
0 0 
000 
    
000 
Generations #3
Alive: 4
    
0 0 
    
0 0 
Generations #4
Alive: 0
    
    
    
    
Generations #5
Alive: 0
    
    
    
    
Generations #6
Alive: 0
    
    
    
    
Generations #7
Alive: 0
    
    
    
    
Generations #8
Alive: 0
    
    
    
    
Generations #9
Alive: 0
    
    
    
    
Generations #10
Alive: 0
    
    
    
    
Generations #11
Alive: 0
    
    
    
    
Generations #1
Alive: 11
 0   
  0  
 00 0
0 000
00   
Generations #2
Alive: 8
000  
0 00 
    0
     
   0 
Generations #3
Alive: 8
0    
0 00 
   00
     
 00  
Generations #4
Alive: 13
0  00
0000 
  000
  00 
 0   
Generations #5
Alive: 6
   0 
     
0    
 0  0
00   
Generations #6
Alive: 7
     
     
0    
 0  0
000 0
Generations #7
Alive: 10
00   
     
0    
  000
 0000
Generations #8
Alive: 8
00 00
00   
   00
     
     
Generations #9
Alive: 8
 00 0
 0   
0   0
     
0   0
Generations #10
Alive: 13
 0000
 0000
0    
     
00 00
Generations #11
Alive: 7
     
     
00000
 0   
 0   
Generations #1
Alive: 19
0 0 00
 0  00
  0   
0 0 0 
 00  0
00 000
Generations #2
Alive: 10
  0   
 00 0 
0 0 0 
0 0  0
      
      
Generations #3
Alive: 11
 000  
  0  0
0 0 0 
0  0 0
      
      
Generations #4
Alive: 15
 000  
0   00
0 0 0 
00 000
      
  0   
Generations #5
Alive: 23
000000
0   0 
  0   
00000 
000000
 000  
Generations #6
Alive: 5
      
0   0 
0 0 0 
      
      
      
Generations #7
Alive: 4
      
 0 0  
 0 0  
      
      
      
Generations #8
Alive: 0
      
      
      
      
      
      
Generations #9
Alive: 0
      
      
      
      
      
      
Generations #10
Alive: 0
      
      
      
      
      
      
Generations #11
Alive: 0
      
      
      
      
      
      
Generations #1
Alive: 29
00000  
0   000
 0000 0
  000  
  00 0 
 000 0 
00000  
Generations #2
Alive: 8
       
       
 0    0
       
     0 
0    00
     00
Generations #3
Alive: 5
       
       
       
       
     0 
0   0  
0    0 
Generations #4
Alive: 3
       
       
       
       
       
    00 
      0
Generations #5
Alive: 2
       
       
       
       
       
     0 
     0 
Generations #6
Alive: 0
       
       
       
       
       
       
       
Generations #7
Alive: 0
       
       
       
       
       
       
       
Generations #8
Alive: 0
       
       
       
       
       
       
       
Generations #9
Alive: 0
       
       
       
       
       
       
       
Generations #10
Alive: 0
       
       
       
       
       
       
       
Generations #11
Alive: 0
       
       
       
       
       
       
       
Generations #1
Alive: 26
00      
 0 0  0 
  0 00 0
   0    
0 000  0
 0  00 0
     0  
0000 0 0
Generations #2
Alive: 35
   00 0 
 0 00000
  0 000 
00   000
000  000
 00  0 0
   0 0 0
  0 0 00
Generations #3
Alive: 13
0       
       0
  0     
   0    
    0   
   0 0  
 0 0 0 0
  0    0
Generations #4
Alive: 15
0      0
        
        
   0    
   00   
  00 00 
0  0    
 00   00
Generations #5
Alive: 16
00    00
        
        
   00   
     0  
  0  0  
0  000  
 00   0 
Generations #6
Alive: 21
000   00
0      0
        
    0   
   0 0  
   0 00 
   0000 
  000 0 
Generations #7
Alive: 12
  0  00 
      0 
        
    0   
   0 00 
  00    
       0
0       
Generations #8
Alive: 16
     000
     00 
        
    00  
  00 0  
  000 0 
        
      00
Generations #9
Alive: 18
        
     0 0
    0 0 
   000  
  0   0 
  0 00  
   0 000
     0 0
Generations #10
Alive: 17
        
     00 
   0  0 
   00 0 
  0   0 
  0 0  0
   0   0
    00 0
Generations #11
Alive: 24
    0   
     00 
   0  00
  000 00
  0 0 00
  0   00
0  0 0 0
    0 0 
Generations #1
Alive: 45
000 000 0
000 0  0 
0   0    
  000  00
 0      0
00 0   0 
000 0 000
 00  000 
000000 00
Generations #2
Alive: 19
         
  0 0 00 
0   00 0 
 0000  00
 0  0    
   0  0  
    0    
         
         
Generations #3
Alive: 19
         
   00 000
0        
 00   000
00  00 0 
   000   
         
         
         
Generations #4
Alive: 19
       0 
       00
0000 0   
  0  000 
00     0 
   0 00  
    0    
         
         
Generations #5
Alive: 28
       00
000   000
000000   
   000 0 
 00 0  00
    000  
    00   
         
         
Generations #6
Alive: 13
 0    0  
    000  
         
       0 
  0    00
      00 
    0 0  
         
         
Generations #7
Alive: 14
      0  
     00  
     00  
       00
        0
     00 0
     000 
         
         
Generations #8
Alive: 15
     00  
       0 
     0   
      000
0     0 0
     0  0
     0 0 
      0  
         
Generations #9
Alive: 18
      0  
     0   
        0
0    00 0
0    00  
0    0  0
     0 0 
      0  
     00  
Generations #10
Alive: 24
      0  
         
0    0000
0    00 0
 0  0    
0   00 00
     0 00
       0 
     000 
Generations #11
Alive: 21
     000 
     0  0
0    0   
 0  0    
 0  0    
0   00 0 
0   00   
     0   
     0 0 
Generations #1
Alive: 54
0 0000   0
00000  0 0
   00 0  0
    00 0  
  00 0 00 
  0    0 0
000 000 00
 000    00
00 0  00  
000 00 000
Generations #2
Alive: 18
       0  
      0   
 0    00 0
  0    0  
  00 0 0  
          
    000   
          
     00   
       0  
Generations #3
Alive: 19
      00  
      0 0 
      000 
 000   0  
  00  0   
   0      
     0    
    0     
      0   
       0  
Generations #4
Alive: 18
      0 0 
     0  0 
  0   0 0 
 0 0    0 
 0  0     
  000     
    0     
     0    
          
       0  
Generations #5
Alive: 20
      0 0 
     00 00
  0     00
 0 0   0  
 0  0     
  0 00    
    00    
          
          
       0  
Generations #6
Alive: 21
     00 00
     00   
0 0   0  0
00 0    0 
 0  00    
          
   000    
          
          
       0  
Generations #7
Alive: 23
     0  0 
0       0 
0 0  000 0
   000    
000 0     
   0      
    0     
    0     
          
      000 
Generations #8
Alive: 28
      0 0 
00   0  0 
00 0 00000
         0
 00  0    
 0000     
   00     
          
       0  
      000 
Generations #9
Alive: 28
     00 0 
 00 00    
 00 0000  
    00 0 0
00  0     
 0   0    
    0     
          
      000 
      0 0 
Generations #10
Alive: 25
    0 0   
 00       
000    00 
  0    00 
00  0 0   
00  00    
          
       0  
      0 0 
        00
Generations #11
Alive: 30
          
0 00   0  
0  0   000
  00  0 0 
0 000 00 0
00  00    
          
       0  
        00
     0  00
]]></system-out>
  <system-err><![CDATA[Start test 1
Start test 2
Start test 3
Start test 4
Start test 5
Start test 6
Start test 7
Start test 8
Start test 9
Start test 10
Start test 11
Start test 12
Start test 13
Start test 14
Start test 15
Start test 16
Start test 17
Start test 18
Start test 19
Start test 20
]]></system-err>
</testsuite>
